<?xml version="1.0" encoding="UTF-8"?>
<!-- Generated by org.testng.reporters.JUnitXMLReporter -->
<testsuite ignored="0" hostname="INFPHSZA07218" failures="0" tests="3" name="Test" time="18.309" errors="0" timestamp="2020-02-13T20:28:08 IST">
  <testcase classname="com.imf.qa.test.imfHomePageTest_with_json_testdata" name="imfpagetitletest_json" time="1.448"/>
  <testcase classname="com.imf.qa.test.imfHomePageTest_with_excel_testdata" name="imfpagetitletest_excel" time="1.39"/>
  <testcase classname="com.imf.qa.test.mysqldbtest" name="mysqltest" time="0.218"/>
</testsuite> <!-- Test -->
